<?xml version="1.0" encoding="UTF-8"?>
<testng-results ignored="0" total="6" passed="5" failed="1" skipped="0">
  <reporter-output>
  </reporter-output>
  <suite started-at="2023-02-14T17:04:14 MSK" name="HerokuApp" finished-at="2023-02-14T17:04:44 MSK" duration-ms="30026">
    <groups>
    </groups>
    <test started-at="2023-02-14T17:04:14 MSK" name="test" finished-at="2023-02-14T17:04:44 MSK" duration-ms="30026">
      <class name="herokuapp.Checkboxes">
        <test-method is-config="true" signature="setup()[pri:0, instance:herokuapp.Checkboxes@71809907]" started-at="2023-02-14T17:04:19 MSK" name="setup" finished-at="2023-02-14T17:04:23 MSK" duration-ms="3323" status="PASS">
          <reporter-output>
          </reporter-output>
        </test-method> <!-- setup -->
        <test-method signature="markingCheckboxesTest()[pri:0, instance:herokuapp.Checkboxes@71809907]" started-at="2023-02-14T17:04:23 MSK" name="markingCheckboxesTest" finished-at="2023-02-14T17:04:23 MSK" duration-ms="707" status="PASS">
          <reporter-output>
          </reporter-output>
        </test-method> <!-- markingCheckboxesTest -->
        <test-method is-config="true" signature="tearDown()[pri:0, instance:herokuapp.Checkboxes@71809907]" started-at="2023-02-14T17:04:23 MSK" name="tearDown" description="Closing browser" finished-at="2023-02-14T17:04:24 MSK" duration-ms="484" status="PASS">
          <reporter-output>
          </reporter-output>
        </test-method> <!-- tearDown -->
      </class> <!-- herokuapp.Checkboxes -->
      <class name="herokuapp.NotificationMessages">
        <test-method is-config="true" signature="setup()[pri:0, instance:herokuapp.NotificationMessages@47af7f3d]" started-at="2023-02-14T17:04:39 MSK" name="setup" finished-at="2023-02-14T17:04:42 MSK" duration-ms="3324" status="PASS">
          <reporter-output>
          </reporter-output>
        </test-method> <!-- setup -->
        <test-method signature="viewMessageTest()[pri:0, instance:herokuapp.NotificationMessages@47af7f3d]" started-at="2023-02-14T17:04:42 MSK" name="viewMessageTest" finished-at="2023-02-14T17:04:43 MSK" duration-ms="1165" status="PASS">
          <reporter-output>
          </reporter-output>
        </test-method> <!-- viewMessageTest -->
        <test-method is-config="true" signature="tearDown()[pri:0, instance:herokuapp.NotificationMessages@47af7f3d]" started-at="2023-02-14T17:04:43 MSK" name="tearDown" description="Closing browser" finished-at="2023-02-14T17:04:44 MSK" duration-ms="481" status="PASS">
          <reporter-output>
          </reporter-output>
        </test-method> <!-- tearDown -->
      </class> <!-- herokuapp.NotificationMessages -->
      <class name="herokuapp.Dropdown">
        <test-method is-config="true" signature="setup()[pri:0, instance:herokuapp.Dropdown@3ce1e309]" started-at="2023-02-14T17:04:24 MSK" name="setup" finished-at="2023-02-14T17:04:27 MSK" duration-ms="3398" status="PASS">
          <reporter-output>
          </reporter-output>
        </test-method> <!-- setup -->
        <test-method signature="selectOptionTest()[pri:0, instance:herokuapp.Dropdown@3ce1e309]" started-at="2023-02-14T17:04:27 MSK" name="selectOptionTest" finished-at="2023-02-14T17:04:28 MSK" duration-ms="1200" status="PASS">
          <reporter-output>
          </reporter-output>
        </test-method> <!-- selectOptionTest -->
        <test-method is-config="true" signature="tearDown()[pri:0, instance:herokuapp.Dropdown@3ce1e309]" started-at="2023-02-14T17:04:28 MSK" name="tearDown" description="Closing browser" finished-at="2023-02-14T17:04:29 MSK" duration-ms="485" status="PASS">
          <reporter-output>
          </reporter-output>
        </test-method> <!-- tearDown -->
      </class> <!-- herokuapp.Dropdown -->
      <class name="herokuapp.AddAndRemoveElements">
        <test-method is-config="true" signature="setup()[pri:0, instance:herokuapp.AddAndRemoveElements@291ae]" started-at="2023-02-14T17:04:14 MSK" name="setup" finished-at="2023-02-14T17:04:18 MSK" duration-ms="4251" status="PASS">
          <reporter-output>
          </reporter-output>
        </test-method> <!-- setup -->
        <test-method signature="addAndRemoveElementsTest()[pri:0, instance:herokuapp.AddAndRemoveElements@291ae]" started-at="2023-02-14T17:04:18 MSK" name="addAndRemoveElementsTest" finished-at="2023-02-14T17:04:19 MSK" duration-ms="904" status="PASS">
          <reporter-output>
          </reporter-output>
        </test-method> <!-- addAndRemoveElementsTest -->
        <test-method is-config="true" signature="tearDown()[pri:0, instance:herokuapp.AddAndRemoveElements@291ae]" started-at="2023-02-14T17:04:19 MSK" name="tearDown" description="Closing browser" finished-at="2023-02-14T17:04:19 MSK" duration-ms="626" status="PASS">
          <reporter-output>
          </reporter-output>
        </test-method> <!-- tearDown -->
      </class> <!-- herokuapp.AddAndRemoveElements -->
      <class name="herokuapp.Hovers">
        <test-method is-config="true" signature="setup()[pri:0, instance:herokuapp.Hovers@158da8e]" started-at="2023-02-14T17:04:34 MSK" name="setup" finished-at="2023-02-14T17:04:37 MSK" duration-ms="3245" status="PASS">
          <reporter-output>
          </reporter-output>
        </test-method> <!-- setup -->
        <test-method signature="hoversTest()[pri:0, instance:herokuapp.Hovers@158da8e]" started-at="2023-02-14T17:04:37 MSK" name="hoversTest" finished-at="2023-02-14T17:04:38 MSK" duration-ms="1097" status="FAIL">
          <exception class="org.openqa.selenium.WebDriverException">
            <message>
              <![CDATA[TypeError: rect is undefined
Build info: version: '4.8.0', revision: '267030adea'
System info: os.name: 'Windows 10', os.arch: 'amd64', os.version: '10.0', java.version: '19.0.2'
Driver info: org.openqa.selenium.firefox.FirefoxDriver
Command: [835d3c03-e9cc-4fbf-98fb-1126bdc652a6, actions {actions=[org.openqa.selenium.interactions.Sequence@5da1ff67]}]
Capabilities {acceptInsecureCerts: true, browserName: firefox, browserVersion: 102.5.0, moz:accessibilityChecks: false, moz:buildID: 20221107191025, moz:debuggerAddress: localhost:39994, moz:geckodriverVersion: 0.31.0, moz:headless: false, moz:processID: 14624, moz:profile: C:\TEMP\B00044~1\rust_mozpr..., moz:shutdownTimeout: 60000, moz:useNonSpecCompliantPointerOrigin: false, moz:webdriverClick: true, moz:windowless: false, pageLoadStrategy: normal, platformName: WINDOWS, platformVersion: 10.0, proxy: Proxy(), se:cdp: ws://localhost:39994/devtoo..., se:cdpVersion: 85.0, setWindowRect: true, strictFileInteractability: false, timeouts: {implicit: 0, pageLoad: 300000, script: 30000}, unhandledPromptBehavior: dismiss and notify}
Session ID: 835d3c03-e9cc-4fbf-98fb-1126bdc652a6]]>
            </message>
            <full-stacktrace>
              <![CDATA[org.openqa.selenium.WebDriverException: TypeError: rect is undefined
Build info: version: '4.8.0', revision: '267030adea'
System info: os.name: 'Windows 10', os.arch: 'amd64', os.version: '10.0', java.version: '19.0.2'
Driver info: org.openqa.selenium.firefox.FirefoxDriver
Command: [835d3c03-e9cc-4fbf-98fb-1126bdc652a6, actions {actions=[org.openqa.selenium.interactions.Sequence@5da1ff67]}]
Capabilities {acceptInsecureCerts: true, browserName: firefox, browserVersion: 102.5.0, moz:accessibilityChecks: false, moz:buildID: 20221107191025, moz:debuggerAddress: localhost:39994, moz:geckodriverVersion: 0.31.0, moz:headless: false, moz:processID: 14624, moz:profile: C:\TEMP\B00044~1\rust_mozpr..., moz:shutdownTimeout: 60000, moz:useNonSpecCompliantPointerOrigin: false, moz:webdriverClick: true, moz:windowless: false, pageLoadStrategy: normal, platformName: WINDOWS, platformVersion: 10.0, proxy: Proxy(), se:cdp: ws://localhost:39994/devtoo..., se:cdpVersion: 85.0, setWindowRect: true, strictFileInteractability: false, timeouts: {implicit: 0, pageLoad: 300000, script: 30000}, unhandledPromptBehavior: dismiss and notify}
Session ID: 835d3c03-e9cc-4fbf-98fb-1126bdc652a6
at java.base/jdk.internal.reflect.DirectConstructorHandleAccessor.newInstance(DirectConstructorHandleAccessor.java:67)
at java.base/java.lang.reflect.Constructor.newInstanceWithCaller(Constructor.java:500)
at java.base/java.lang.reflect.Constructor.newInstance(Constructor.java:484)
at org.openqa.selenium.remote.codec.w3c.W3CHttpResponseCodec.createException(W3CHttpResponseCodec.java:200)
at org.openqa.selenium.remote.codec.w3c.W3CHttpResponseCodec.decode(W3CHttpResponseCodec.java:133)
at org.openqa.selenium.remote.codec.w3c.W3CHttpResponseCodec.decode(W3CHttpResponseCodec.java:53)
at org.openqa.selenium.remote.HttpCommandExecutor.execute(HttpCommandExecutor.java:184)
at org.openqa.selenium.remote.service.DriverCommandExecutor.invokeExecute(DriverCommandExecutor.java:167)
at org.openqa.selenium.remote.service.DriverCommandExecutor.execute(DriverCommandExecutor.java:142)
at org.openqa.selenium.remote.RemoteWebDriver.execute(RemoteWebDriver.java:543)
at org.openqa.selenium.remote.RemoteWebDriver.perform(RemoteWebDriver.java:611)
at org.openqa.selenium.interactions.Actions$BuiltAction.perform(Actions.java:567)
at herokuapp.Hovers.hoversTest(Hovers.java:32)
at java.base/jdk.internal.reflect.DirectMethodHandleAccessor.invoke(DirectMethodHandleAccessor.java:104)
at java.base/java.lang.reflect.Method.invoke(Method.java:578)
at org.testng.internal.invokers.MethodInvocationHelper.invokeMethod(MethodInvocationHelper.java:139)
at org.testng.internal.invokers.TestInvoker.invokeMethod(TestInvoker.java:677)
at org.testng.internal.invokers.TestInvoker.invokeTestMethod(TestInvoker.java:221)
at org.testng.internal.invokers.MethodRunner.runInSequence(MethodRunner.java:50)
at org.testng.internal.invokers.TestInvoker$MethodInvocationAgent.invoke(TestInvoker.java:969)
at org.testng.internal.invokers.TestInvoker.invokeTestMethods(TestInvoker.java:194)
at org.testng.internal.invokers.TestMethodWorker.invokeTestMethods(TestMethodWorker.java:148)
at org.testng.internal.invokers.TestMethodWorker.run(TestMethodWorker.java:128)
at java.base/java.util.ArrayList.forEach(ArrayList.java:1511)
at org.testng.TestRunner.privateRun(TestRunner.java:829)
at org.testng.TestRunner.run(TestRunner.java:602)
at org.testng.SuiteRunner.runTest(SuiteRunner.java:437)
at org.testng.SuiteRunner$SuiteWorker.run(SuiteRunner.java:475)
at org.testng.internal.thread.ThreadUtil.lambda$execute$0(ThreadUtil.java:58)
at java.base/java.util.concurrent.FutureTask.run(FutureTask.java:317)
at java.base/java.util.concurrent.ThreadPoolExecutor.runWorker(ThreadPoolExecutor.java:1144)
at java.base/java.util.concurrent.ThreadPoolExecutor$Worker.run(ThreadPoolExecutor.java:642)
at java.base/java.lang.Thread.run(Thread.java:1589)
]]>
            </full-stacktrace>
          </exception> <!-- org.openqa.selenium.WebDriverException -->
          <reporter-output>
          </reporter-output>
        </test-method> <!-- hoversTest -->
        <test-method is-config="true" signature="tearDown()[pri:0, instance:herokuapp.Hovers@158da8e]" started-at="2023-02-14T17:04:38 MSK" name="tearDown" description="Closing browser" finished-at="2023-02-14T17:04:39 MSK" duration-ms="491" status="PASS">
          <reporter-output>
          </reporter-output>
        </test-method> <!-- tearDown -->
      </class> <!-- herokuapp.Hovers -->
      <class name="herokuapp.Inputs">
        <test-method is-config="true" signature="setup()[pri:0, instance:herokuapp.Inputs@6aba2b86]" started-at="2023-02-14T17:04:29 MSK" name="setup" finished-at="2023-02-14T17:04:32 MSK" duration-ms="3480" status="PASS">
          <reporter-output>
          </reporter-output>
        </test-method> <!-- setup -->
        <test-method signature="inputValuesTest()[pri:0, instance:herokuapp.Inputs@6aba2b86]" started-at="2023-02-14T17:04:32 MSK" name="inputValuesTest" finished-at="2023-02-14T17:04:33 MSK" duration-ms="836" status="PASS">
          <reporter-output>
          </reporter-output>
        </test-method> <!-- inputValuesTest -->
        <test-method is-config="true" signature="tearDown()[pri:0, instance:herokuapp.Inputs@6aba2b86]" started-at="2023-02-14T17:04:33 MSK" name="tearDown" description="Closing browser" finished-at="2023-02-14T17:04:34 MSK" duration-ms="495" status="PASS">
          <reporter-output>
          </reporter-output>
        </test-method> <!-- tearDown -->
      </class> <!-- herokuapp.Inputs -->
    </test> <!-- test -->
  </suite> <!-- HerokuApp -->
</testng-results>
